<?xml version="1.0" encoding="UTF-8"?>
<!-- Generated by org.testng.reporters.JUnitXMLReporter -->
<testsuite hostname="Admin-PC" ignored="0" name="ADMINTESTCASES" tests="10" failures="0" timestamp="22 Mar 2021 10:46:41 GMT" time="247.56" errors="0">
  <testcase name="logintest" time="16.0" classname="hmsadminlogin.loginpagetest"/>
  <testcase name="logo" time="0.171" classname="hmsadminlogin.loginpagetest"/>
  <testcase name="verifytitle" time="0.012" classname="hmsadminlogin.loginpagetest"/>
  <testcase name="homepagetitle" time="0.426" classname="homepage.homepagetest"/>
  <testcase name="validatetitle" time="0.017" classname="homepage.homepagetest"/>
  <testcase name="frntoffname" time="0.079" classname="frontoffice.frontofficetest"/>
  <testcase name="validatetitle" time="0.027" classname="frontoffice.frontofficetest"/>
  <testcase name="visbookclick" time="3.153" classname="frontoffice.frontofficetest"/>
  <testcase name="asvisclick" time="13.473" classname="visiterpage.visiterpagetest"/>
  <testcase name="asvisclick" time="9.834" classname="visiterpage.visiterpagetest"/>
</testsuite> <!-- ADMINTESTCASES -->
