<?xml version="1.0" encoding="UTF-8"?>
<testng-results skipped="0" failed="0" ignored="0" total="10" passed="10">
  <reporter-output>
  </reporter-output>
  <suite name="Suite" duration-ms="247560" started-at="2021-03-22T10:42:33Z" finished-at="2021-03-22T10:46:41Z">
    <groups>
    </groups>
    <test name="ADMINTESTCASES" duration-ms="247560" started-at="2021-03-22T10:42:33Z" finished-at="2021-03-22T10:46:41Z">
      <class name="homepage.homepagetest">
        <test-method status="PASS" signature="setup()[pri:0, instance:homepage.homepagetest@3abbfa04]" name="setup" is-config="true" duration-ms="21053" started-at="2021-03-22T10:43:13Z" finished-at="2021-03-22T10:43:34Z">
          <reporter-output>
          </reporter-output>
        </test-method> <!-- setup -->
        <test-method status="PASS" signature="homepagetitle()[pri:0, instance:homepage.homepagetest@3abbfa04]" name="homepagetitle" duration-ms="426" started-at="2021-03-22T10:43:34Z" finished-at="2021-03-22T10:43:34Z">
          <reporter-output>
          </reporter-output>
        </test-method> <!-- homepagetitle -->
        <test-method status="PASS" signature="testdown()[pri:0, instance:homepage.homepagetest@3abbfa04]" name="testdown" is-config="true" duration-ms="383" started-at="2021-03-22T10:43:34Z" finished-at="2021-03-22T10:43:34Z">
          <reporter-output>
          </reporter-output>
        </test-method> <!-- testdown -->
        <test-method status="PASS" signature="setup()[pri:0, instance:homepage.homepagetest@3abbfa04]" name="setup" is-config="true" duration-ms="21666" started-at="2021-03-22T10:43:34Z" finished-at="2021-03-22T10:43:56Z">
          <reporter-output>
          </reporter-output>
        </test-method> <!-- setup -->
        <test-method status="PASS" signature="validatetitle()[pri:0, instance:homepage.homepagetest@3abbfa04]" name="validatetitle" duration-ms="17" started-at="2021-03-22T10:43:56Z" finished-at="2021-03-22T10:43:56Z">
          <reporter-output>
          </reporter-output>
        </test-method> <!-- validatetitle -->
        <test-method status="PASS" signature="testdown()[pri:0, instance:homepage.homepagetest@3abbfa04]" name="testdown" is-config="true" duration-ms="68" started-at="2021-03-22T10:43:56Z" finished-at="2021-03-22T10:43:56Z">
          <reporter-output>
          </reporter-output>
        </test-method> <!-- testdown -->
      </class> <!-- homepage.homepagetest -->
      <class name="frontoffice.frontofficetest">
        <test-method status="PASS" signature="setup()[pri:0, instance:frontoffice.frontofficetest@57fffcd7]" name="setup" is-config="true" duration-ms="27645" started-at="2021-03-22T10:43:56Z" finished-at="2021-03-22T10:44:24Z">
          <reporter-output>
          </reporter-output>
        </test-method> <!-- setup -->
        <test-method status="PASS" signature="frntoffname()[pri:0, instance:frontoffice.frontofficetest@57fffcd7]" name="frntoffname" duration-ms="79" started-at="2021-03-22T10:44:24Z" finished-at="2021-03-22T10:44:24Z">
          <reporter-output>
          </reporter-output>
        </test-method> <!-- frntoffname -->
        <test-method status="PASS" signature="testdown()[pri:0, instance:frontoffice.frontofficetest@57fffcd7]" name="testdown" is-config="true" duration-ms="65" started-at="2021-03-22T10:44:24Z" finished-at="2021-03-22T10:44:24Z">
          <reporter-output>
          </reporter-output>
        </test-method> <!-- testdown -->
        <test-method status="PASS" signature="setup()[pri:0, instance:frontoffice.frontofficetest@57fffcd7]" name="setup" is-config="true" duration-ms="28963" started-at="2021-03-22T10:44:24Z" finished-at="2021-03-22T10:44:53Z">
          <reporter-output>
          </reporter-output>
        </test-method> <!-- setup -->
        <test-method status="PASS" signature="validatetitle()[pri:0, instance:frontoffice.frontofficetest@57fffcd7]" name="validatetitle" duration-ms="27" started-at="2021-03-22T10:44:53Z" finished-at="2021-03-22T10:44:53Z">
          <reporter-output>
          </reporter-output>
        </test-method> <!-- validatetitle -->
        <test-method status="PASS" signature="testdown()[pri:0, instance:frontoffice.frontofficetest@57fffcd7]" name="testdown" is-config="true" duration-ms="83" started-at="2021-03-22T10:44:53Z" finished-at="2021-03-22T10:44:53Z">
          <reporter-output>
          </reporter-output>
        </test-method> <!-- testdown -->
        <test-method status="PASS" signature="setup()[pri:0, instance:frontoffice.frontofficetest@57fffcd7]" name="setup" is-config="true" duration-ms="24395" started-at="2021-03-22T10:44:53Z" finished-at="2021-03-22T10:45:17Z">
          <reporter-output>
          </reporter-output>
        </test-method> <!-- setup -->
        <test-method status="PASS" signature="visbookclick()[pri:0, instance:frontoffice.frontofficetest@57fffcd7]" name="visbookclick" duration-ms="3153" started-at="2021-03-22T10:45:17Z" finished-at="2021-03-22T10:45:21Z">
          <reporter-output>
          </reporter-output>
        </test-method> <!-- visbookclick -->
        <test-method status="PASS" signature="testdown()[pri:0, instance:frontoffice.frontofficetest@57fffcd7]" name="testdown" is-config="true" duration-ms="65" started-at="2021-03-22T10:45:21Z" finished-at="2021-03-22T10:45:21Z">
          <reporter-output>
          </reporter-output>
        </test-method> <!-- testdown -->
      </class> <!-- frontoffice.frontofficetest -->
      <class name="visiterpage.visiterpagetest">
        <test-method status="PASS" signature="setup()[pri:0, instance:visiterpage.visiterpagetest@31ef45e3]" name="setup" is-config="true" duration-ms="26924" started-at="2021-03-22T10:45:22Z" finished-at="2021-03-22T10:45:49Z">
          <reporter-output>
          </reporter-output>
        </test-method> <!-- setup -->
        <test-method status="PASS" signature="asvisclick([Ljava.lang.String;)[pri:0, instance:visiterpage.visiterpagetest@31ef45e3]" name="asvisclick" duration-ms="13473" started-at="2021-03-22T10:45:49Z" data-provider="getVISTestData" finished-at="2021-03-22T10:46:03Z">
          <params>
            <param index="0">
              <value>
                <![CDATA[[Ljava.lang.String;@3e28fee1]]>
              </value>
            </param>
          </params>
          <reporter-output>
          </reporter-output>
        </test-method> <!-- asvisclick -->
        <test-method status="PASS" signature="teardown()[pri:0, instance:visiterpage.visiterpagetest@31ef45e3]" name="teardown" is-config="true" duration-ms="83" started-at="2021-03-22T10:46:03Z" finished-at="2021-03-22T10:46:03Z">
          <reporter-output>
          </reporter-output>
        </test-method> <!-- teardown -->
        <test-method status="PASS" signature="setup()[pri:0, instance:visiterpage.visiterpagetest@31ef45e3]" name="setup" is-config="true" duration-ms="28003" started-at="2021-03-22T10:46:03Z" finished-at="2021-03-22T10:46:31Z">
          <reporter-output>
          </reporter-output>
        </test-method> <!-- setup -->
        <test-method status="PASS" signature="asvisclick([Ljava.lang.String;)[pri:0, instance:visiterpage.visiterpagetest@31ef45e3]" name="asvisclick" duration-ms="9834" started-at="2021-03-22T10:46:31Z" data-provider="getVISTestData" finished-at="2021-03-22T10:46:41Z">
          <params>
            <param index="0">
              <value>
                <![CDATA[[Ljava.lang.String;@16a2ed51]]>
              </value>
            </param>
          </params>
          <reporter-output>
          </reporter-output>
        </test-method> <!-- asvisclick -->
        <test-method status="PASS" signature="teardown()[pri:0, instance:visiterpage.visiterpagetest@31ef45e3]" name="teardown" is-config="true" duration-ms="55" started-at="2021-03-22T10:46:41Z" finished-at="2021-03-22T10:46:41Z">
          <reporter-output>
          </reporter-output>
        </test-method> <!-- teardown -->
      </class> <!-- visiterpage.visiterpagetest -->
      <class name="hmsadminlogin.loginpagetest">
        <test-method status="PASS" signature="setup()[pri:0, instance:hmsadminlogin.loginpagetest@239963d8]" name="setup" is-config="true" duration-ms="10406" started-at="2021-03-22T10:42:33Z" finished-at="2021-03-22T10:42:43Z">
          <reporter-output>
          </reporter-output>
        </test-method> <!-- setup -->
        <test-method status="PASS" signature="logintest()[pri:0, instance:hmsadminlogin.loginpagetest@239963d8]" name="logintest" duration-ms="16000" started-at="2021-03-22T10:42:43Z" finished-at="2021-03-22T10:42:59Z">
          <reporter-output>
          </reporter-output>
        </test-method> <!-- logintest -->
        <test-method status="PASS" signature="testdown()[pri:0, instance:hmsadminlogin.loginpagetest@239963d8]" name="testdown" is-config="true" duration-ms="120" started-at="2021-03-22T10:42:59Z" finished-at="2021-03-22T10:43:00Z">
          <reporter-output>
          </reporter-output>
        </test-method> <!-- testdown -->
        <test-method status="PASS" signature="setup()[pri:0, instance:hmsadminlogin.loginpagetest@239963d8]" name="setup" is-config="true" duration-ms="5890" started-at="2021-03-22T10:43:00Z" finished-at="2021-03-22T10:43:05Z">
          <reporter-output>
          </reporter-output>
        </test-method> <!-- setup -->
        <test-method status="PASS" signature="logo()[pri:0, instance:hmsadminlogin.loginpagetest@239963d8]" name="logo" duration-ms="171" started-at="2021-03-22T10:43:05Z" finished-at="2021-03-22T10:43:06Z">
          <reporter-output>
          </reporter-output>
        </test-method> <!-- logo -->
        <test-method status="PASS" signature="testdown()[pri:0, instance:hmsadminlogin.loginpagetest@239963d8]" name="testdown" is-config="true" duration-ms="106" started-at="2021-03-22T10:43:06Z" finished-at="2021-03-22T10:43:06Z">
          <reporter-output>
          </reporter-output>
        </test-method> <!-- testdown -->
        <test-method status="PASS" signature="setup()[pri:0, instance:hmsadminlogin.loginpagetest@239963d8]" name="setup" is-config="true" duration-ms="6805" started-at="2021-03-22T10:43:06Z" finished-at="2021-03-22T10:43:13Z">
          <reporter-output>
          </reporter-output>
        </test-method> <!-- setup -->
        <test-method status="PASS" signature="verifytitle()[pri:0, instance:hmsadminlogin.loginpagetest@239963d8]" name="verifytitle" duration-ms="12" started-at="2021-03-22T10:43:13Z" finished-at="2021-03-22T10:43:13Z">
          <reporter-output>
          </reporter-output>
        </test-method> <!-- verifytitle -->
        <test-method status="PASS" signature="testdown()[pri:0, instance:hmsadminlogin.loginpagetest@239963d8]" name="testdown" is-config="true" duration-ms="46" started-at="2021-03-22T10:43:13Z" finished-at="2021-03-22T10:43:13Z">
          <reporter-output>
          </reporter-output>
        </test-method> <!-- testdown -->
      </class> <!-- hmsadminlogin.loginpagetest -->
    </test> <!-- ADMINTESTCASES -->
  </suite> <!-- Suite -->
</testng-results>
